Removed Pin From Net: NetName=NetD1_1 Pin=D1-2
Removed Pin From Net: NetName=NetD1_1 Pin=D2-1
Removed Pin From Net: NetName=NetD1_1 Pin=D2-2
Removed Pin From Net: NetName=NetD1_1 Pin=DS2-2
Removed Pin From Net: NetName=NetD1_1 Pin=DS3-2
Removed Pin From Net: NetName=NetD1_1 Pin=S1-1
Removed Pin From Net: NetName=NetD1_1 Pin=S2-2
Removed Pin From Net: NetName=NetD1_1 Pin=S3-1
Removed Pin From Net: NetName=NetD1_1 Pin=S3-2
Removed Pin From Net: NetName=NetD1_1 Pin=S-1
Added Pin To Net: NetName=NetD1_2 Pin=D1-2
Added Pin To Net: NetName=NetD1_2 Pin=D2-2
Added Net: Name=NetD1_2
Added Pin To Net: NetName=NetD2_1 Pin=D2-1
Added Pin To Net: NetName=NetD2_1 Pin=S1-1
Added Pin To Net: NetName=NetD2_1 Pin=S3-2
Added Net: Name=NetD2_1
Added Pin To Net: NetName=NetDS2_2 Pin=DS2-2
Added Pin To Net: NetName=NetDS2_2 Pin=S-1
Added Pin To Net: NetName=NetDS2_2 Pin=S2-2
Added Net: Name=NetDS2_2
Added Pin To Net: NetName=NetDS3_2 Pin=DS3-2
Added Pin To Net: NetName=NetDS3_2 Pin=S3-1
Added Net: Name=NetDS3_2
Added Member To Class: ClassName=PCB1 Member=Component R1 MFR-25FBF52-1K
Added Member To Class: ClassName=PCB1 Member=Component R2 MFR-25FBF52-1K
Added Member To Class: ClassName=PCB1 Member=Component R3 MFR-25FBF52-1K
Added Room: Name=PCB1
